2019-11-04 03:21:04,612 - [58] - ERROR - Tank.Request.ServerList - Load server list error:
System.ServiceModel.CommunicationObjectFaultedException: The communication object, System.ServiceModel.Channels.ServiceChannel, cannot be used for communication because it is in the Faulted state.

Server stack trace: 
   at System.ServiceModel.Channels.CommunicationObject.Close(TimeSpan timeout)

Exception rethrown at [0]: 
   at System.Runtime.Remoting.Proxies.RealProxy.HandleReturnMessage(IMessage reqMsg, IMessage retMsg)
   at System.Runtime.Remoting.Proxies.RealProxy.PrivateInvoke(MessageData& msgData, Int32 type)
   at System.ServiceModel.ICommunicationObject.Close(TimeSpan timeout)
   at System.ServiceModel.ClientBase`1.System.ServiceModel.ICommunicationObject.Close(TimeSpan timeout)
   at Tank.Request.ServerList.ProcessRequest(HttpContext context)
2019-11-04 03:21:07,711 - [60] - ERROR - Tank.Request.ServerList - Load server list error:
System.ServiceModel.CommunicationObjectFaultedException: The communication object, System.ServiceModel.Channels.ServiceChannel, cannot be used for communication because it is in the Faulted state.

Server stack trace: 
   at System.ServiceModel.Channels.CommunicationObject.Close(TimeSpan timeout)

Exception rethrown at [0]: 
   at System.Runtime.Remoting.Proxies.RealProxy.HandleReturnMessage(IMessage reqMsg, IMessage retMsg)
   at System.Runtime.Remoting.Proxies.RealProxy.PrivateInvoke(MessageData& msgData, Int32 type)
   at System.ServiceModel.ICommunicationObject.Close(TimeSpan timeout)
   at System.ServiceModel.ClientBase`1.System.ServiceModel.ICommunicationObject.Close(TimeSpan timeout)
   at Tank.Request.ServerList.ProcessRequest(HttpContext context)
2019-11-04 03:22:24,983 - [54] - ERROR - Tank.Request.ServerList - Load server list error:
System.ServiceModel.CommunicationObjectFaultedException: The communication object, System.ServiceModel.Channels.ServiceChannel, cannot be used for communication because it is in the Faulted state.

Server stack trace: 
   at System.ServiceModel.Channels.CommunicationObject.Close(TimeSpan timeout)

Exception rethrown at [0]: 
   at System.Runtime.Remoting.Proxies.RealProxy.HandleReturnMessage(IMessage reqMsg, IMessage retMsg)
   at System.Runtime.Remoting.Proxies.RealProxy.PrivateInvoke(MessageData& msgData, Int32 type)
   at System.ServiceModel.ICommunicationObject.Close(TimeSpan timeout)
   at System.ServiceModel.ClientBase`1.System.ServiceModel.ICommunicationObject.Close(TimeSpan timeout)
   at Tank.Request.ServerList.ProcessRequest(HttpContext context)
2019-11-04 03:23:44,413 - [54] - ERROR - Tank.Request.ServerList - Load server list error:
System.ServiceModel.CommunicationObjectFaultedException: The communication object, System.ServiceModel.Channels.ServiceChannel, cannot be used for communication because it is in the Faulted state.

Server stack trace: 
   at System.ServiceModel.Channels.CommunicationObject.Close(TimeSpan timeout)

Exception rethrown at [0]: 
   at System.Runtime.Remoting.Proxies.RealProxy.HandleReturnMessage(IMessage reqMsg, IMessage retMsg)
   at System.Runtime.Remoting.Proxies.RealProxy.PrivateInvoke(MessageData& msgData, Int32 type)
   at System.ServiceModel.ICommunicationObject.Close(TimeSpan timeout)
   at System.ServiceModel.ClientBase`1.System.ServiceModel.ICommunicationObject.Close(TimeSpan timeout)
   at Tank.Request.ServerList.ProcessRequest(HttpContext context)
2019-11-04 03:23:52,277 - [54] - ERROR - Bussiness.Interface.BaseInterface - LoginAndUpdate
System.ServiceModel.CommunicationObjectFaultedException: The communication object, System.ServiceModel.Channels.ServiceChannel, cannot be used for communication because it is in the Faulted state.

Server stack trace: 
   at System.ServiceModel.Channels.CommunicationObject.Close(TimeSpan timeout)

Exception rethrown at [0]: 
   at System.Runtime.Remoting.Proxies.RealProxy.HandleReturnMessage(IMessage reqMsg, IMessage retMsg)
   at System.Runtime.Remoting.Proxies.RealProxy.PrivateInvoke(MessageData& msgData, Int32 type)
   at System.ServiceModel.ICommunicationObject.Close(TimeSpan timeout)
   at System.ServiceModel.ClientBase`1.System.ServiceModel.ICommunicationObject.Close(TimeSpan timeout)
   at Bussiness.Interface.BaseInterface.CreateLogin(String name, String password, String& message, Int32& isFirst, String IP, Boolean& isError, Boolean firstValidate, Boolean& isActive, String site, String nickname)
2019-11-04 03:24:01,668 - [54] - ERROR - Tank.Request.Login - madaradkp007: snwjmq
2019-11-04 03:24:08,750 - [53] - ERROR - Tank.Request.Login - madaradkp007: ltsfhh
2019-11-04 03:24:17,465 - [53] - ERROR - Tank.Request.Login - madaradkp007: zmnwes
2019-11-04 03:24:27,976 - [52] - ERROR - Tank.Request.Login - madaradkp007: kbovuv
2019-11-04 03:24:35,028 - [55] - ERROR - Tank.Request.Login - madaradkp007: sgmoqz
2019-11-04 03:24:42,378 - [53] - ERROR - Tank.Request.Login - madaradkp007: hpnosh
2019-11-04 03:24:50,381 - [55] - ERROR - Tank.Request.Login - madaradkp007: ixnpuy
2019-11-04 03:24:56,858 - [55] - ERROR - Tank.Request.Login - madaradkp007: yceyvh
2019-11-04 03:24:58,550 - [53] - ERROR - Tank.Request.ServerList - Load server list error:
System.ServiceModel.CommunicationObjectFaultedException: The communication object, System.ServiceModel.Channels.ServiceChannel, cannot be used for communication because it is in the Faulted state.

Server stack trace: 
   at System.ServiceModel.Channels.CommunicationObject.Close(TimeSpan timeout)

Exception rethrown at [0]: 
   at System.Runtime.Remoting.Proxies.RealProxy.HandleReturnMessage(IMessage reqMsg, IMessage retMsg)
   at System.Runtime.Remoting.Proxies.RealProxy.PrivateInvoke(MessageData& msgData, Int32 type)
   at System.ServiceModel.ICommunicationObject.Close(TimeSpan timeout)
   at System.ServiceModel.ClientBase`1.System.ServiceModel.ICommunicationObject.Close(TimeSpan timeout)
   at Tank.Request.ServerList.ProcessRequest(HttpContext context)
2019-11-04 03:25:01,426 - [55] - ERROR - Tank.Request.Login - madaradkp007: tpnafz
2019-11-04 03:25:04,471 - [55] - ERROR - Tank.Request.Login - madaradkp007: hdvmtg
2019-11-04 03:25:04,994 - [53] - ERROR - Tank.Request.Login - madaradkp007: rohbix
2019-11-04 03:25:05,294 - [55] - ERROR - Tank.Request.Login - madaradkp007: hjlpcd
2019-11-04 03:25:05,703 - [53] - ERROR - Tank.Request.Login - madaradkp007: mqftro
2019-11-04 03:25:31,744 - [50] - ERROR - Tank.Request.Login - madaradkp007: vjqbar
2019-11-04 03:25:35,143 - [51] - ERROR - Tank.Request.Login - madaradkp007: leamja
2019-11-04 03:25:37,767 - [50] - ERROR - Tank.Request.Login - madaradkp007: mzrivy
2019-11-04 03:25:38,428 - [51] - ERROR - Tank.Request.Login - madaradkp007: dbntmn
2019-11-04 03:25:38,756 - [51] - ERROR - Tank.Request.Login - madaradkp007: jruytj
2019-11-04 03:25:39,143 - [55] - ERROR - Tank.Request.Login - madaradkp007: fmqiks
2019-11-04 03:25:39,582 - [51] - ERROR - Tank.Request.Login - madaradkp007: fmtzgk
2019-11-04 03:25:39,944 - [50] - ERROR - Tank.Request.Login - madaradkp007: cosjft
2019-11-04 03:25:40,272 - [50] - ERROR - Tank.Request.Login - madaradkp007: brvvep
2019-11-04 03:25:40,669 - [51] - ERROR - Tank.Request.Login - madaradkp007: qsvbdy
2019-11-04 03:25:42,435 - [55] - ERROR - Tank.Request.Login - madaradkp007: ouderf
2019-11-04 03:25:43,373 - [55] - ERROR - Tank.Request.Login - madaradkp007: vdfyqj
2019-11-04 03:28:00,537 - [49] - ERROR - Tank.Request.ServerList - Load server list error:
System.ServiceModel.CommunicationObjectFaultedException: The communication object, System.ServiceModel.Channels.ServiceChannel, cannot be used for communication because it is in the Faulted state.

Server stack trace: 
   at System.ServiceModel.Channels.CommunicationObject.Close(TimeSpan timeout)

Exception rethrown at [0]: 
   at System.Runtime.Remoting.Proxies.RealProxy.HandleReturnMessage(IMessage reqMsg, IMessage retMsg)
   at System.Runtime.Remoting.Proxies.RealProxy.PrivateInvoke(MessageData& msgData, Int32 type)
   at System.ServiceModel.ICommunicationObject.Close(TimeSpan timeout)
   at System.ServiceModel.ClientBase`1.System.ServiceModel.ICommunicationObject.Close(TimeSpan timeout)
   at Tank.Request.ServerList.ProcessRequest(HttpContext context)
2019-11-04 03:29:24,191 - [46] - ERROR - Tank.Request.ServerList - Load server list error:
System.ServiceModel.CommunicationObjectFaultedException: The communication object, System.ServiceModel.Channels.ServiceChannel, cannot be used for communication because it is in the Faulted state.

Server stack trace: 
   at System.ServiceModel.Channels.CommunicationObject.Close(TimeSpan timeout)

Exception rethrown at [0]: 
   at System.Runtime.Remoting.Proxies.RealProxy.HandleReturnMessage(IMessage reqMsg, IMessage retMsg)
   at System.Runtime.Remoting.Proxies.RealProxy.PrivateInvoke(MessageData& msgData, Int32 type)
   at System.ServiceModel.ICommunicationObject.Close(TimeSpan timeout)
   at System.ServiceModel.ClientBase`1.System.ServiceModel.ICommunicationObject.Close(TimeSpan timeout)
   at Tank.Request.ServerList.ProcessRequest(HttpContext context)
2019-11-04 03:30:57,777 - [46] - ERROR - Tank.Request.ServerList - Load server list error:
System.ServiceModel.CommunicationObjectFaultedException: The communication object, System.ServiceModel.Channels.ServiceChannel, cannot be used for communication because it is in the Faulted state.

Server stack trace: 
   at System.ServiceModel.Channels.CommunicationObject.Close(TimeSpan timeout)

Exception rethrown at [0]: 
   at System.Runtime.Remoting.Proxies.RealProxy.HandleReturnMessage(IMessage reqMsg, IMessage retMsg)
   at System.Runtime.Remoting.Proxies.RealProxy.PrivateInvoke(MessageData& msgData, Int32 type)
   at System.ServiceModel.ICommunicationObject.Close(TimeSpan timeout)
   at System.ServiceModel.ClientBase`1.System.ServiceModel.ICommunicationObject.Close(TimeSpan timeout)
   at Tank.Request.ServerList.ProcessRequest(HttpContext context)
2019-11-04 03:32:46,681 - [46] - ERROR - Tank.Request.ServerList - Load server list error:
System.ServiceModel.CommunicationObjectFaultedException: The communication object, System.ServiceModel.Channels.ServiceChannel, cannot be used for communication because it is in the Faulted state.

Server stack trace: 
   at System.ServiceModel.Channels.CommunicationObject.Close(TimeSpan timeout)

Exception rethrown at [0]: 
   at System.Runtime.Remoting.Proxies.RealProxy.HandleReturnMessage(IMessage reqMsg, IMessage retMsg)
   at System.Runtime.Remoting.Proxies.RealProxy.PrivateInvoke(MessageData& msgData, Int32 type)
   at System.ServiceModel.ICommunicationObject.Close(TimeSpan timeout)
   at System.ServiceModel.ClientBase`1.System.ServiceModel.ICommunicationObject.Close(TimeSpan timeout)
   at Tank.Request.ServerList.ProcessRequest(HttpContext context)
2019-11-04 03:34:57,053 - [45] - ERROR - Tank.Request.ServerList - Load server list error:
System.ServiceModel.CommunicationObjectFaultedException: The communication object, System.ServiceModel.Channels.ServiceChannel, cannot be used for communication because it is in the Faulted state.

Server stack trace: 
   at System.ServiceModel.Channels.CommunicationObject.Close(TimeSpan timeout)

Exception rethrown at [0]: 
   at System.Runtime.Remoting.Proxies.RealProxy.HandleReturnMessage(IMessage reqMsg, IMessage retMsg)
   at System.Runtime.Remoting.Proxies.RealProxy.PrivateInvoke(MessageData& msgData, Int32 type)
   at System.ServiceModel.ICommunicationObject.Close(TimeSpan timeout)
   at System.ServiceModel.ClientBase`1.System.ServiceModel.ICommunicationObject.Close(TimeSpan timeout)
   at Tank.Request.ServerList.ProcessRequest(HttpContext context)
2019-11-04 03:38:39,690 - [43] - ERROR - Tank.Request.ServerList - Load server list error:
System.ServiceModel.CommunicationObjectFaultedException: The communication object, System.ServiceModel.Channels.ServiceChannel, cannot be used for communication because it is in the Faulted state.

Server stack trace: 
   at System.ServiceModel.Channels.CommunicationObject.Close(TimeSpan timeout)

Exception rethrown at [0]: 
   at System.Runtime.Remoting.Proxies.RealProxy.HandleReturnMessage(IMessage reqMsg, IMessage retMsg)
   at System.Runtime.Remoting.Proxies.RealProxy.PrivateInvoke(MessageData& msgData, Int32 type)
   at System.ServiceModel.ICommunicationObject.Close(TimeSpan timeout)
   at System.ServiceModel.ClientBase`1.System.ServiceModel.ICommunicationObject.Close(TimeSpan timeout)
   at Tank.Request.ServerList.ProcessRequest(HttpContext context)
2019-11-04 03:40:34,811 - [46] - ERROR - Tank.Request.ServerList - Load server list error:
System.ServiceModel.CommunicationObjectFaultedException: The communication object, System.ServiceModel.Channels.ServiceChannel, cannot be used for communication because it is in the Faulted state.

Server stack trace: 
   at System.ServiceModel.Channels.CommunicationObject.Close(TimeSpan timeout)

Exception rethrown at [0]: 
   at System.Runtime.Remoting.Proxies.RealProxy.HandleReturnMessage(IMessage reqMsg, IMessage retMsg)
   at System.Runtime.Remoting.Proxies.RealProxy.PrivateInvoke(MessageData& msgData, Int32 type)
   at System.ServiceModel.ICommunicationObject.Close(TimeSpan timeout)
   at System.ServiceModel.ClientBase`1.System.ServiceModel.ICommunicationObject.Close(TimeSpan timeout)
   at Tank.Request.ServerList.ProcessRequest(HttpContext context)
2019-11-04 03:42:36,960 - [43] - ERROR - Tank.Request.ServerList - Load server list error:
System.ServiceModel.CommunicationObjectFaultedException: The communication object, System.ServiceModel.Channels.ServiceChannel, cannot be used for communication because it is in the Faulted state.

Server stack trace: 
   at System.ServiceModel.Channels.CommunicationObject.Close(TimeSpan timeout)

Exception rethrown at [0]: 
   at System.Runtime.Remoting.Proxies.RealProxy.HandleReturnMessage(IMessage reqMsg, IMessage retMsg)
   at System.Runtime.Remoting.Proxies.RealProxy.PrivateInvoke(MessageData& msgData, Int32 type)
   at System.ServiceModel.ICommunicationObject.Close(TimeSpan timeout)
   at System.ServiceModel.ClientBase`1.System.ServiceModel.ICommunicationObject.Close(TimeSpan timeout)
   at Tank.Request.ServerList.ProcessRequest(HttpContext context)
2019-11-04 03:45:23,354 - [45] - ERROR - Tank.Request.ServerList - Load server list error:
System.ServiceModel.CommunicationObjectFaultedException: The communication object, System.ServiceModel.Channels.ServiceChannel, cannot be used for communication because it is in the Faulted state.

Server stack trace: 
   at System.ServiceModel.Channels.CommunicationObject.Close(TimeSpan timeout)

Exception rethrown at [0]: 
   at System.Runtime.Remoting.Proxies.RealProxy.HandleReturnMessage(IMessage reqMsg, IMessage retMsg)
   at System.Runtime.Remoting.Proxies.RealProxy.PrivateInvoke(MessageData& msgData, Int32 type)
   at System.ServiceModel.ICommunicationObject.Close(TimeSpan timeout)
   at System.ServiceModel.ClientBase`1.System.ServiceModel.ICommunicationObject.Close(TimeSpan timeout)
   at Tank.Request.ServerList.ProcessRequest(HttpContext context)
2019-11-04 03:46:29,019 - [46] - ERROR - Tank.Request.ServerList - Load server list error:
System.ServiceModel.CommunicationObjectFaultedException: The communication object, System.ServiceModel.Channels.ServiceChannel, cannot be used for communication because it is in the Faulted state.

Server stack trace: 
   at System.ServiceModel.Channels.CommunicationObject.Close(TimeSpan timeout)

Exception rethrown at [0]: 
   at System.Runtime.Remoting.Proxies.RealProxy.HandleReturnMessage(IMessage reqMsg, IMessage retMsg)
   at System.Runtime.Remoting.Proxies.RealProxy.PrivateInvoke(MessageData& msgData, Int32 type)
   at System.ServiceModel.ICommunicationObject.Close(TimeSpan timeout)
   at System.ServiceModel.ClientBase`1.System.ServiceModel.ICommunicationObject.Close(TimeSpan timeout)
   at Tank.Request.ServerList.ProcessRequest(HttpContext context)
2019-11-04 03:47:35,350 - [45] - ERROR - Tank.Request.ServerList - Load server list error:
System.ServiceModel.CommunicationObjectFaultedException: The communication object, System.ServiceModel.Channels.ServiceChannel, cannot be used for communication because it is in the Faulted state.

Server stack trace: 
   at System.ServiceModel.Channels.CommunicationObject.Close(TimeSpan timeout)

Exception rethrown at [0]: 
   at System.Runtime.Remoting.Proxies.RealProxy.HandleReturnMessage(IMessage reqMsg, IMessage retMsg)
   at System.Runtime.Remoting.Proxies.RealProxy.PrivateInvoke(MessageData& msgData, Int32 type)
   at System.ServiceModel.ICommunicationObject.Close(TimeSpan timeout)
   at System.ServiceModel.ClientBase`1.System.ServiceModel.ICommunicationObject.Close(TimeSpan timeout)
   at Tank.Request.ServerList.ProcessRequest(HttpContext context)
2019-11-04 03:49:04,905 - [45] - ERROR - Tank.Request.ServerList - Load server list error:
System.ServiceModel.CommunicationObjectFaultedException: The communication object, System.ServiceModel.Channels.ServiceChannel, cannot be used for communication because it is in the Faulted state.

Server stack trace: 
   at System.ServiceModel.Channels.CommunicationObject.Close(TimeSpan timeout)

Exception rethrown at [0]: 
   at System.Runtime.Remoting.Proxies.RealProxy.HandleReturnMessage(IMessage reqMsg, IMessage retMsg)
   at System.Runtime.Remoting.Proxies.RealProxy.PrivateInvoke(MessageData& msgData, Int32 type)
   at System.ServiceModel.ICommunicationObject.Close(TimeSpan timeout)
   at System.ServiceModel.ClientBase`1.System.ServiceModel.ICommunicationObject.Close(TimeSpan timeout)
   at Tank.Request.ServerList.ProcessRequest(HttpContext context)
2019-11-04 03:50:48,666 - [46] - ERROR - Tank.Request.ServerList - Load server list error:
System.ServiceModel.CommunicationObjectFaultedException: The communication object, System.ServiceModel.Channels.ServiceChannel, cannot be used for communication because it is in the Faulted state.

Server stack trace: 
   at System.ServiceModel.Channels.CommunicationObject.Close(TimeSpan timeout)

Exception rethrown at [0]: 
   at System.Runtime.Remoting.Proxies.RealProxy.HandleReturnMessage(IMessage reqMsg, IMessage retMsg)
   at System.Runtime.Remoting.Proxies.RealProxy.PrivateInvoke(MessageData& msgData, Int32 type)
   at System.ServiceModel.ICommunicationObject.Close(TimeSpan timeout)
   at System.ServiceModel.ClientBase`1.System.ServiceModel.ICommunicationObject.Close(TimeSpan timeout)
   at Tank.Request.ServerList.ProcessRequest(HttpContext context)
2019-11-04 03:52:01,892 - [45] - ERROR - Tank.Request.ServerList - Load server list error:
System.ServiceModel.CommunicationObjectFaultedException: The communication object, System.ServiceModel.Channels.ServiceChannel, cannot be used for communication because it is in the Faulted state.

Server stack trace: 
   at System.ServiceModel.Channels.CommunicationObject.Close(TimeSpan timeout)

Exception rethrown at [0]: 
   at System.Runtime.Remoting.Proxies.RealProxy.HandleReturnMessage(IMessage reqMsg, IMessage retMsg)
   at System.Runtime.Remoting.Proxies.RealProxy.PrivateInvoke(MessageData& msgData, Int32 type)
   at System.ServiceModel.ICommunicationObject.Close(TimeSpan timeout)
   at System.ServiceModel.ClientBase`1.System.ServiceModel.ICommunicationObject.Close(TimeSpan timeout)
   at Tank.Request.ServerList.ProcessRequest(HttpContext context)
2019-11-04 03:53:44,715 - [36] - ERROR - Tank.Request.ServerList - Load server list error:
System.ServiceModel.CommunicationObjectFaultedException: The communication object, System.ServiceModel.Channels.ServiceChannel, cannot be used for communication because it is in the Faulted state.

Server stack trace: 
   at System.ServiceModel.Channels.CommunicationObject.Close(TimeSpan timeout)

Exception rethrown at [0]: 
   at System.Runtime.Remoting.Proxies.RealProxy.HandleReturnMessage(IMessage reqMsg, IMessage retMsg)
   at System.Runtime.Remoting.Proxies.RealProxy.PrivateInvoke(MessageData& msgData, Int32 type)
   at System.ServiceModel.ICommunicationObject.Close(TimeSpan timeout)
   at System.ServiceModel.ClientBase`1.System.ServiceModel.ICommunicationObject.Close(TimeSpan timeout)
   at Tank.Request.ServerList.ProcessRequest(HttpContext context)
2019-11-04 03:54:47,586 - [46] - ERROR - Tank.Request.ServerList - Load server list error:
System.ServiceModel.CommunicationObjectFaultedException: The communication object, System.ServiceModel.Channels.ServiceChannel, cannot be used for communication because it is in the Faulted state.

Server stack trace: 
   at System.ServiceModel.Channels.CommunicationObject.Close(TimeSpan timeout)

Exception rethrown at [0]: 
   at System.Runtime.Remoting.Proxies.RealProxy.HandleReturnMessage(IMessage reqMsg, IMessage retMsg)
   at System.Runtime.Remoting.Proxies.RealProxy.PrivateInvoke(MessageData& msgData, Int32 type)
   at System.ServiceModel.ICommunicationObject.Close(TimeSpan timeout)
   at System.ServiceModel.ClientBase`1.System.ServiceModel.ICommunicationObject.Close(TimeSpan timeout)
   at Tank.Request.ServerList.ProcessRequest(HttpContext context)
2019-11-04 08:20:03,315 - [54] - ERROR - Tank.Request.Login - darius136: 111111
2019-11-04 08:50:01,393 - [54] - ERROR - Tank.Request.Login - kamily: 111111
2019-11-04 10:36:25,788 - [54] - ERROR - Tank.Request.Login - User Login error
System.Security.Cryptography.CryptographicException: Bad Data.

   at System.Security.Cryptography.CryptographicException.ThrowCryptographicException(Int32 hr)
   at System.Security.Cryptography.RSACryptoServiceProvider.DecryptKey(SafeKeyHandle pKeyContext, Byte[] pbEncryptedKey, Int32 cbEncryptedKey, Boolean fOAEP, ObjectHandleOnStack ohRetDecryptedKey)
   at System.Security.Cryptography.RSACryptoServiceProvider.Decrypt(Byte[] rgb, Boolean fOAEP)
   at Road.Flash.CryptoHelper.RsaDecryt2(RSACryptoServiceProvider rsa, String src)
   at Tank.Request.Login.ProcessRequest(HttpContext context)
2019-11-04 11:16:10,703 - [53] - ERROR - Tank.Request.Login - User Login error
System.Security.Cryptography.CryptographicException: Bad Data.

   at System.Security.Cryptography.CryptographicException.ThrowCryptographicException(Int32 hr)
   at System.Security.Cryptography.RSACryptoServiceProvider.DecryptKey(SafeKeyHandle pKeyContext, Byte[] pbEncryptedKey, Int32 cbEncryptedKey, Boolean fOAEP, ObjectHandleOnStack ohRetDecryptedKey)
   at System.Security.Cryptography.RSACryptoServiceProvider.Decrypt(Byte[] rgb, Boolean fOAEP)
   at Road.Flash.CryptoHelper.RsaDecryt2(RSACryptoServiceProvider rsa, String src)
   at Tank.Request.Login.ProcessRequest(HttpContext context)
2019-11-04 12:15:28,316 - [49] - ERROR - Tank.Request.Login - User Login error
System.Security.Cryptography.CryptographicException: Bad Data.

   at System.Security.Cryptography.CryptographicException.ThrowCryptographicException(Int32 hr)
   at System.Security.Cryptography.RSACryptoServiceProvider.DecryptKey(SafeKeyHandle pKeyContext, Byte[] pbEncryptedKey, Int32 cbEncryptedKey, Boolean fOAEP, ObjectHandleOnStack ohRetDecryptedKey)
   at System.Security.Cryptography.RSACryptoServiceProvider.Decrypt(Byte[] rgb, Boolean fOAEP)
   at Road.Flash.CryptoHelper.RsaDecryt2(RSACryptoServiceProvider rsa, String src)
   at Tank.Request.Login.ProcessRequest(HttpContext context)
